<?xml version="1.0" encoding="UTF-8"?>
<testng-results ignored="0" total="1" passed="1" failed="0" skipped="0">
  <reporter-output>
  </reporter-output>
  <suite started-at="2026-06-21T16:03:11 IST" name="Default suite" finished-at="2026-06-21T16:03:32 IST" duration-ms="20507">
    <groups>
    </groups>
    <test started-at="2026-06-21T16:03:11 IST" name="Default test" finished-at="2026-06-21T16:03:32 IST" duration-ms="20507">
      <class name="Com.DemoWebShop_TestScripts.TC002_VerifyUserIsAbleToDeleteAddressOrNot_Test">
        <test-method is-config="true" signature="beforeSuite()[pri:0, instance:Com.DemoWebShop_TestScripts.TC002_VerifyUserIsAbleToDeleteAddressOrNot_Test@74e52ef6]" started-at="2026-06-21T16:03:11 IST" name="beforeSuite" finished-at="2026-06-21T16:03:11 IST" duration-ms="20" status="PASS">
          <reporter-output>
          </reporter-output>
        </test-method> <!-- beforeSuite -->
        <test-method is-config="true" signature="beforeTest()[pri:0, instance:Com.DemoWebShop_TestScripts.TC002_VerifyUserIsAbleToDeleteAddressOrNot_Test@74e52ef6]" started-at="2026-06-21T16:03:11 IST" name="beforeTest" finished-at="2026-06-21T16:03:12 IST" duration-ms="416" status="PASS">
          <reporter-output>
          </reporter-output>
        </test-method> <!-- beforeTest -->
        <test-method is-config="true" signature="beforeClass()[pri:0, instance:Com.DemoWebShop_TestScripts.TC002_VerifyUserIsAbleToDeleteAddressOrNot_Test@74e52ef6]" started-at="2026-06-21T16:03:12 IST" name="beforeClass" finished-at="2026-06-21T16:03:18 IST" duration-ms="5949" status="PASS">
          <reporter-output>
          </reporter-output>
        </test-method> <!-- beforeClass -->
        <test-method is-config="true" signature="beforeMethod()[pri:0, instance:Com.DemoWebShop_TestScripts.TC002_VerifyUserIsAbleToDeleteAddressOrNot_Test@74e52ef6]" started-at="2026-06-21T16:03:18 IST" name="beforeMethod" finished-at="2026-06-21T16:03:20 IST" duration-ms="2039" status="PASS">
          <reporter-output>
          </reporter-output>
        </test-method> <!-- beforeMethod -->
        <test-method signature="deletAddress()[pri:0, instance:Com.DemoWebShop_TestScripts.TC002_VerifyUserIsAbleToDeleteAddressOrNot_Test@74e52ef6]" started-at="2026-06-21T16:03:20 IST" name="deletAddress" finished-at="2026-06-21T16:03:24 IST" duration-ms="4336" status="PASS">
          <reporter-output>
          </reporter-output>
        </test-method> <!-- deletAddress -->
        <test-method is-config="true" signature="afterMethod()[pri:0, instance:Com.DemoWebShop_TestScripts.TC002_VerifyUserIsAbleToDeleteAddressOrNot_Test@74e52ef6]" started-at="2026-06-21T16:03:24 IST" name="afterMethod" finished-at="2026-06-21T16:03:27 IST" duration-ms="3298" status="PASS">
          <reporter-output>
          </reporter-output>
        </test-method> <!-- afterMethod -->
        <test-method is-config="true" signature="afterClass()[pri:0, instance:Com.DemoWebShop_TestScripts.TC002_VerifyUserIsAbleToDeleteAddressOrNot_Test@74e52ef6]" started-at="2026-06-21T16:03:27 IST" name="afterClass" finished-at="2026-06-21T16:03:31 IST" duration-ms="3875" status="PASS">
          <reporter-output>
          </reporter-output>
        </test-method> <!-- afterClass -->
        <test-method is-config="true" signature="afterTest()[pri:0, instance:Com.DemoWebShop_TestScripts.TC002_VerifyUserIsAbleToDeleteAddressOrNot_Test@74e52ef6]" started-at="2026-06-21T16:03:31 IST" name="afterTest" finished-at="2026-06-21T16:03:32 IST" duration-ms="500" status="PASS">
          <reporter-output>
          </reporter-output>
        </test-method> <!-- afterTest -->
        <test-method is-config="true" signature="afterSuite()[pri:0, instance:Com.DemoWebShop_TestScripts.TC002_VerifyUserIsAbleToDeleteAddressOrNot_Test@74e52ef6]" started-at="2026-06-21T16:03:32 IST" name="afterSuite" finished-at="2026-06-21T16:03:32 IST" duration-ms="4" status="PASS">
          <reporter-output>
          </reporter-output>
        </test-method> <!-- afterSuite -->
      </class> <!-- Com.DemoWebShop_TestScripts.TC002_VerifyUserIsAbleToDeleteAddressOrNot_Test -->
    </test> <!-- Default test -->
  </suite> <!-- Default suite -->
</testng-results>
