<?xml version="1.0" encoding="UTF-8"?>
<testng-results ignored="0" total="1" passed="1" failed="0" skipped="0">
  <reporter-output>
  </reporter-output>
  <suite started-at="2026-05-31T09:20:44 IST" name="Default suite" finished-at="2026-05-31T09:21:19 IST" duration-ms="35124">
    <groups>
    </groups>
    <test started-at="2026-05-31T09:20:44 IST" name="Default test" finished-at="2026-05-31T09:21:19 IST" duration-ms="35124">
      <class name="Com.DemoWebShop_TestScripts.TC002_VerifyUserIsAbleToDeleteAddressOrNot">
        <test-method is-config="true" signature="beforeSuite()[pri:0, instance:Com.DemoWebShop_TestScripts.TC002_VerifyUserIsAbleToDeleteAddressOrNot@1fa121e2]" started-at="2026-05-31T09:20:44 IST" name="beforeSuite" finished-at="2026-05-31T09:20:44 IST" duration-ms="56" status="PASS">
          <reporter-output>
          </reporter-output>
        </test-method> <!-- beforeSuite -->
        <test-method is-config="true" signature="beforeTest()[pri:0, instance:Com.DemoWebShop_TestScripts.TC002_VerifyUserIsAbleToDeleteAddressOrNot@1fa121e2]" started-at="2026-05-31T09:20:44 IST" name="beforeTest" finished-at="2026-05-31T09:20:44 IST" duration-ms="569" status="PASS">
          <reporter-output>
          </reporter-output>
        </test-method> <!-- beforeTest -->
        <test-method is-config="true" signature="beforeClass()[pri:0, instance:Com.DemoWebShop_TestScripts.TC002_VerifyUserIsAbleToDeleteAddressOrNot@1fa121e2]" started-at="2026-05-31T09:20:44 IST" name="beforeClass" finished-at="2026-05-31T09:20:51 IST" duration-ms="6283" status="PASS">
          <reporter-output>
          </reporter-output>
        </test-method> <!-- beforeClass -->
        <test-method is-config="true" signature="beforeMethod()[pri:0, instance:Com.DemoWebShop_TestScripts.TC002_VerifyUserIsAbleToDeleteAddressOrNot@1fa121e2]" started-at="2026-05-31T09:20:51 IST" name="beforeMethod" finished-at="2026-05-31T09:20:53 IST" duration-ms="1988" status="PASS">
          <reporter-output>
          </reporter-output>
        </test-method> <!-- beforeMethod -->
        <test-method signature="deletAddress()[pri:0, instance:Com.DemoWebShop_TestScripts.TC002_VerifyUserIsAbleToDeleteAddressOrNot@1fa121e2]" started-at="2026-05-31T09:20:53 IST" name="deletAddress" finished-at="2026-05-31T09:21:12 IST" duration-ms="19032" status="PASS">
          <reporter-output>
          </reporter-output>
        </test-method> <!-- deletAddress -->
        <test-method is-config="true" signature="afterMethod()[pri:0, instance:Com.DemoWebShop_TestScripts.TC002_VerifyUserIsAbleToDeleteAddressOrNot@1fa121e2]" started-at="2026-05-31T09:21:12 IST" name="afterMethod" finished-at="2026-05-31T09:21:15 IST" duration-ms="2939" status="PASS">
          <reporter-output>
          </reporter-output>
        </test-method> <!-- afterMethod -->
        <test-method is-config="true" signature="afterClass()[pri:0, instance:Com.DemoWebShop_TestScripts.TC002_VerifyUserIsAbleToDeleteAddressOrNot@1fa121e2]" started-at="2026-05-31T09:21:15 IST" name="afterClass" finished-at="2026-05-31T09:21:18 IST" duration-ms="3689" status="PASS">
          <reporter-output>
          </reporter-output>
        </test-method> <!-- afterClass -->
        <test-method is-config="true" signature="afterTest()[pri:0, instance:Com.DemoWebShop_TestScripts.TC002_VerifyUserIsAbleToDeleteAddressOrNot@1fa121e2]" started-at="2026-05-31T09:21:18 IST" name="afterTest" finished-at="2026-05-31T09:21:19 IST" duration-ms="482" status="PASS">
          <reporter-output>
          </reporter-output>
        </test-method> <!-- afterTest -->
        <test-method is-config="true" signature="afterSuite()[pri:0, instance:Com.DemoWebShop_TestScripts.TC002_VerifyUserIsAbleToDeleteAddressOrNot@1fa121e2]" started-at="2026-05-31T09:21:19 IST" name="afterSuite" finished-at="2026-05-31T09:21:19 IST" duration-ms="8" status="PASS">
          <reporter-output>
          </reporter-output>
        </test-method> <!-- afterSuite -->
      </class> <!-- Com.DemoWebShop_TestScripts.TC002_VerifyUserIsAbleToDeleteAddressOrNot -->
    </test> <!-- Default test -->
  </suite> <!-- Default suite -->
</testng-results>
