<?xml version="1.0" encoding="UTF-8"?>
<!-- Generated by org.testng.reporters.JUnitReportReporter -->
<testsuite hostname="DESKTOP-8IB511T" failures="0" tests="1" name="Com.DemoWebShop_TestScripts.TC002_VerifyUserIsAbleToDeleteAddressOrNot_Test" time="9.673" errors="0" timestamp="2026-06-21T16:03:32 IST" skipped="0">
  <testcase classname="Com.DemoWebShop_TestScripts.TC002_VerifyUserIsAbleToDeleteAddressOrNot_Test" name="deletAddress" time="9.673"/>
</testsuite> <!-- Com.DemoWebShop_TestScripts.TC002_VerifyUserIsAbleToDeleteAddressOrNot_Test -->
