<?xml version="1.0" encoding="UTF-8"?>
<!-- Generated by org.testng.reporters.JUnitReportReporter -->
<testsuite hostname="DESKTOP-8IB511T" failures="0" tests="1" name="Com.DemoWebShop_TestScripts.TC001_VerifyUserIsAbleToAddAddressOrNot" time="12.959" errors="0" timestamp="2026-05-30T10:38:06 IST" skipped="0">
  <testcase classname="Com.DemoWebShop_TestScripts.TC001_VerifyUserIsAbleToAddAddressOrNot" name="addAddress" time="12.959"/>
</testsuite> <!-- Com.DemoWebShop_TestScripts.TC001_VerifyUserIsAbleToAddAddressOrNot -->
